<?xml version="1.0" encoding="UTF-8"?>
<!-- Generated by org.testng.reporters.JUnitXMLReporter -->
<testsuite ignored="2" hostname="LAPTOP-DS2GTC0C" failures="0" tests="2" name="Test" time="0.047" errors="0" timestamp="2022-01-25T17:33:14 IST">
  <testcase classname="project_name.CreateContactTest" name="createContactTest" time="0.004"/>
  <testcase classname="project1.CreateOrgTest" name="createorgTest" time="0.001"/>
  <testcase classname="project_name.DeleteContactTest" name="deleteContactTest" time="0.0">
    <ignored/>
  </testcase> <!-- deleteContactTest -->
  <testcase classname="project1.DeleteOrgTest" name="deleteContactTest" time="0.0">
    <ignored/>
  </testcase> <!-- deleteContactTest -->
</testsuite> <!-- Test -->
