<?xml version="1.0" encoding="UTF-8"?>
<!-- Generated by org.testng.reporters.JUnitXMLReporter -->
<testsuite ignored="2" hostname="LAPTOP-DS2GTC0C" failures="0" tests="1" name="Default test" time="0.044" errors="0" timestamp="2022-01-28T16:49:04 IST">
  <testcase classname="project_name.CreateContactTest" name="secondmodifyContactTest" time="0.006"/>
  <testcase classname="project_name.CreateContactTest" name="modifyContactTest" time="0.0">
    <ignored/>
  </testcase> <!-- modifyContactTest -->
  <testcase classname="project_name.CreateContactTest" name="createContactTest" time="0.0">
    <ignored/>
  </testcase> <!-- createContactTest -->
</testsuite> <!-- Default test -->
