<?xml version="1.0" encoding="UTF-8"?>
<testng-results ignored="2" total="3" passed="1" failed="0" skipped="0">
  <reporter-output>
  </reporter-output>
  <suite started-at="2022-01-28T16:49:04 IST" name="Default suite" finished-at="2022-01-28T16:49:04 IST" duration-ms="44">
    <groups>
      <group name="smokeTest">
        <method signature="CreateContactTest.secondmodifyContactTest()[pri:0, instance:project_name.CreateContactTest@59af0466]" name="secondmodifyContactTest" class="project_name.CreateContactTest"/>
      </group> <!-- smokeTest -->
    </groups>
    <test started-at="2022-01-28T16:49:04 IST" name="Default test" finished-at="2022-01-28T16:49:04 IST" duration-ms="44">
      <class name="project_name.CreateContactTest">
        <test-method signature="secondmodifyContactTest()[pri:0, instance:project_name.CreateContactTest@59af0466]" started-at="2022-01-28T16:49:04 IST" name="secondmodifyContactTest" finished-at="2022-01-28T16:49:04 IST" duration-ms="6" status="PASS">
          <reporter-output>
          </reporter-output>
        </test-method> <!-- secondmodifyContactTest -->
      </class> <!-- project_name.CreateContactTest -->
    </test> <!-- Default test -->
  </suite> <!-- Default suite -->
</testng-results>
