<?xml version="1.0" encoding="UTF-8"?>
<testng-results ignored="2" total="4" passed="2" failed="0" skipped="0">
  <reporter-output>
  </reporter-output>
  <suite started-at="2022-01-25T17:33:14 IST" name="Suite" finished-at="2022-01-25T17:33:14 IST" duration-ms="47">
    <groups>
      <group name="smokeTest">
        <method signature="CreateContactTest.createContactTest()[pri:0, instance:project_name.CreateContactTest@747edf66]" name="createContactTest" class="project_name.CreateContactTest"/>
        <method signature="CreateOrgTest.createorgTest()[pri:0, instance:project1.CreateOrgTest@2accdbb5]" name="createorgTest" class="project1.CreateOrgTest"/>
      </group> <!-- smokeTest -->
    </groups>
    <test started-at="2022-01-25T17:33:14 IST" name="Test" finished-at="2022-01-25T17:33:14 IST" duration-ms="47">
      <class name="project_name.CreateContactTest">
        <test-method signature="createContactTest()[pri:0, instance:project_name.CreateContactTest@747edf66]" started-at="2022-01-25T17:33:14 IST" name="createContactTest" finished-at="2022-01-25T17:33:14 IST" duration-ms="4" status="PASS">
          <reporter-output>
          </reporter-output>
        </test-method> <!-- createContactTest -->
      </class> <!-- project_name.CreateContactTest -->
      <class name="project1.CreateOrgTest">
        <test-method signature="createorgTest()[pri:0, instance:project1.CreateOrgTest@2accdbb5]" started-at="2022-01-25T17:33:14 IST" name="createorgTest" finished-at="2022-01-25T17:33:14 IST" duration-ms="1" status="PASS">
          <reporter-output>
          </reporter-output>
        </test-method> <!-- createorgTest -->
      </class> <!-- project1.CreateOrgTest -->
    </test> <!-- Test -->
  </suite> <!-- Suite -->
</testng-results>
